{
  "0 debug pnpm:scope": {
    "selected": 1
  },
  "1 error pnpm": {
    "errno": 1,
    "code": "ELIFECYCLE",
    "pkgid": "xirang@2.0.0",
    "stage": "docs:dev",
    "script": "vuepress dev docs",
    "pkgname": "xirang",
    "err": {
      "name": "pnpm",
      "message": "xirang@2.0.0 docs:dev: `vuepress dev docs`\nExit status 1",
      "code": "ELIFECYCLE",
      "stack": "pnpm: xirang@2.0.0 docs:dev: `vuepress dev docs`\nExit status 1\n    at EventEmitter.<anonymous> (C:\\nodejs\\node_global\\node_modules\\pnpm\\dist\\pnpm.cjs:107358:20)\n    at EventEmitter.emit (node:events:394:28)\n    at ChildProcess.<anonymous> (C:\\nodejs\\node_global\\node_modules\\pnpm\\dist\\pnpm.cjs:93924:18)\n    at ChildProcess.emit (node:events:394:28)\n    at maybeClose (node:internal/child_process:1067:16)\n    at Process.ChildProcess._handle.onexit (node:internal/child_process:301:5)"
    }
  },
  "2 warn pnpm:global": " Local package.json exists, but node_modules missing, did you mean to install?"
}